Thu Jan  4 08:38:55 2024: connecting to server
Thu Jan  4 08:39:08 2024: connecting to server
Thu Jan  4 08:39:33 2024: registering the room
Thu Jan  4 08:39:33 2024: sending data
Thu Jan  4 08:39:33 2024: reading header
Thu Jan  4 08:39:33 2024: finish room rigistered
Thu Jan  4 08:39:34 2024: updating room info
Thu Jan  4 08:39:34 2024: getting room info
Thu Jan  4 08:39:34 2024: sending data
Thu Jan  4 08:39:34 2024: reading header
Thu Jan  4 08:39:34 2024: successfully get room info
Thu Jan  4 08:39:34 2024: finish updating room info
Thu Jan  4 08:39:36 2024: updating room info
Thu Jan  4 08:39:36 2024: getting room info
Thu Jan  4 08:39:36 2024: sending data
Thu Jan  4 08:39:36 2024: reading header
Thu Jan  4 08:39:36 2024: successfully get room info
Thu Jan  4 08:39:36 2024: finish updating room info
Thu Jan  4 08:39:38 2024: updating room info
Thu Jan  4 08:39:38 2024: getting room info
Thu Jan  4 08:39:38 2024: sending data
Thu Jan  4 08:39:38 2024: reading header
Thu Jan  4 08:39:38 2024: successfully get room info
Thu Jan  4 08:39:38 2024: finish updating room info
Thu Jan  4 08:39:40 2024: updating room info
Thu Jan  4 08:39:40 2024: getting room info
Thu Jan  4 08:39:40 2024: sending data
Thu Jan  4 08:39:40 2024: reading header
Thu Jan  4 08:39:40 2024: successfully get room info
Thu Jan  4 08:39:40 2024: finish updating room info
Thu Jan  4 08:39:42 2024: updating room info
Thu Jan  4 08:39:42 2024: getting room info
Thu Jan  4 08:39:42 2024: sending data
Thu Jan  4 08:39:42 2024: reading header
Thu Jan  4 08:39:42 2024: successfully get room info
Thu Jan  4 08:39:42 2024: finish updating room info
Thu Jan  4 08:39:44 2024: updating room info
Thu Jan  4 08:39:44 2024: getting room info
Thu Jan  4 08:39:44 2024: sending data
Thu Jan  4 08:39:44 2024: reading header
Thu Jan  4 08:39:44 2024: successfully get room info
Thu Jan  4 08:39:44 2024: finish updating room info
Thu Jan  4 08:39:46 2024: joining the room
Thu Jan  4 08:39:46 2024: sending data
Thu Jan  4 08:39:46 2024: reading header
Thu Jan  4 08:39:46 2024: Finish room joined
Thu Jan  4 08:39:46 2024: updating room info
Thu Jan  4 08:39:46 2024: getting room info
Thu Jan  4 08:39:46 2024: sending data
Thu Jan  4 08:39:46 2024: reading header
Thu Jan  4 08:39:46 2024: successfully get room info
Thu Jan  4 08:39:46 2024: finish updating room info
Thu Jan  4 08:39:47 2024: updating room info
Thu Jan  4 08:39:47 2024: getting room info
Thu Jan  4 08:39:47 2024: sending data
Thu Jan  4 08:39:47 2024: reading header
Thu Jan  4 08:39:47 2024: successfully get room info
Thu Jan  4 08:39:47 2024: finish updating room info
Thu Jan  4 08:39:48 2024: updating room info
Thu Jan  4 08:39:48 2024: getting room info
Thu Jan  4 08:39:48 2024: sending data
Thu Jan  4 08:39:48 2024: reading header
Thu Jan  4 08:39:48 2024: successfully get room info
Thu Jan  4 08:39:48 2024: finish updating room info
Thu Jan  4 08:39:49 2024: updating room info
Thu Jan  4 08:39:49 2024: getting room info
Thu Jan  4 08:39:49 2024: sending data
Thu Jan  4 08:39:49 2024: reading header
Thu Jan  4 08:39:49 2024: successfully get room info
Thu Jan  4 08:39:49 2024: finish updating room info
Thu Jan  4 08:39:50 2024: updating room info
Thu Jan  4 08:39:50 2024: getting room info
Thu Jan  4 08:39:50 2024: sending data
Thu Jan  4 08:39:50 2024: reading header
Thu Jan  4 08:39:50 2024: successfully get room info
Thu Jan  4 08:39:50 2024: finish updating room info
Thu Jan  4 08:39:51 2024: updating room info
Thu Jan  4 08:39:51 2024: getting room info
Thu Jan  4 08:39:51 2024: sending data
Thu Jan  4 08:39:51 2024: reading header
Thu Jan  4 08:39:51 2024: successfully get room info
Thu Jan  4 08:39:51 2024: finish updating room info
Thu Jan  4 08:39:52 2024: updating room info
Thu Jan  4 08:39:52 2024: getting room info
Thu Jan  4 08:39:52 2024: sending data
Thu Jan  4 08:39:52 2024: reading header
Thu Jan  4 08:39:52 2024: successfully get room info
Thu Jan  4 08:39:52 2024: finish updating room info
Thu Jan  4 08:39:53 2024: updating room info
Thu Jan  4 08:39:53 2024: getting room info
Thu Jan  4 08:39:53 2024: sending data
Thu Jan  4 08:39:53 2024: reading header
Thu Jan  4 08:39:53 2024: successfully get room info
Thu Jan  4 08:39:53 2024: finish updating room info
Thu Jan  4 08:39:54 2024: updating room info
Thu Jan  4 08:39:54 2024: getting room info
Thu Jan  4 08:39:54 2024: sending data
Thu Jan  4 08:39:54 2024: reading header
Thu Jan  4 08:39:54 2024: successfully get room info
Thu Jan  4 08:39:54 2024: finish updating room info
Thu Jan  4 08:39:55 2024: updating room info
Thu Jan  4 08:39:55 2024: getting room info
Thu Jan  4 08:39:55 2024: sending data
Thu Jan  4 08:39:55 2024: reading header
Thu Jan  4 08:39:55 2024: successfully get room info
Thu Jan  4 08:39:55 2024: finish updating room info
Thu Jan  4 08:39:57 2024: updating room info
Thu Jan  4 08:39:57 2024: getting room info
Thu Jan  4 08:39:57 2024: sending data
Thu Jan  4 08:39:57 2024: reading header
Thu Jan  4 08:39:57 2024: successfully get room info
Thu Jan  4 08:39:57 2024: finish updating room info
Thu Jan  4 08:39:59 2024: updating room info
Thu Jan  4 08:39:59 2024: getting room info
Thu Jan  4 08:39:59 2024: sending data
Thu Jan  4 08:39:59 2024: reading header
Thu Jan  4 08:39:59 2024: successfully get room info
Thu Jan  4 08:39:59 2024: finish updating room info
Thu Jan  4 08:40:00 2024: request to start the game
Thu Jan  4 08:40:00 2024: sending data
Thu Jan  4 08:40:00 2024: successfully send the request
Thu Jan  4 08:40:00 2024: checking start_game request is received
Thu Jan  4 08:40:00 2024: reading header
Thu Jan  4 08:40:00 2024: can start the game now
Thu Jan  4 08:40:00 2024: updating map info
Thu Jan  4 08:40:00 2024: getting map info
Thu Jan  4 08:40:00 2024: sending data
Thu Jan  4 08:40:00 2024: reading header
Thu Jan  4 08:40:00 2024: reading extra data
Thu Jan  4 08:40:00 2024: successfully get map info
Thu Jan  4 08:40:00 2024: finish updating map info
Thu Jan  4 08:40:00 2024: updating player info
Thu Jan  4 08:40:00 2024: getting player info
Thu Jan  4 08:40:00 2024: sending data
Thu Jan  4 08:40:00 2024: reading header
Thu Jan  4 08:40:00 2024: [Error] Code Error
Thu Jan  4 08:40:01 2024: updating room info
Thu Jan  4 08:40:01 2024: getting room info
Thu Jan  4 08:40:01 2024: sending data
Thu Jan  4 08:40:01 2024: reading header
Thu Jan  4 08:40:01 2024: successfully get room info
Thu Jan  4 08:40:01 2024: finish updating room info
Thu Jan  4 08:40:03 2024: updating room info
Thu Jan  4 08:40:03 2024: getting room info
Thu Jan  4 08:40:03 2024: sending data
Thu Jan  4 08:40:03 2024: reading header
Thu Jan  4 08:40:03 2024: successfully get room info
Thu Jan  4 08:40:03 2024: finish updating room info
Thu Jan  4 08:40:05 2024: updating room info
Thu Jan  4 08:40:05 2024: getting room info
Thu Jan  4 08:40:05 2024: sending data
Thu Jan  4 08:40:05 2024: reading header
Thu Jan  4 08:40:05 2024: successfully get room info
Thu Jan  4 08:40:05 2024: finish updating room info
Thu Jan  4 08:40:07 2024: updating room info
Thu Jan  4 08:40:07 2024: getting room info
Thu Jan  4 08:40:07 2024: sending data
Thu Jan  4 08:40:07 2024: reading header
Thu Jan  4 08:40:07 2024: successfully get room info
Thu Jan  4 08:40:07 2024: finish updating room info
Thu Jan  4 08:40:07 2024: request to start the game
Thu Jan  4 08:40:07 2024: sending data
Thu Jan  4 08:40:07 2024: successfully send the request
Thu Jan  4 08:40:07 2024: checking start_game request is received
Thu Jan  4 08:40:07 2024: reading header
Thu Jan  4 08:40:07 2024: [Error] Game Already Start
Thu Jan  4 08:45:02 2024: connecting to server
Thu Jan  4 08:45:09 2024: connecting to server
Thu Jan  4 08:45:29 2024: registering the room
Thu Jan  4 08:45:29 2024: sending data
Thu Jan  4 08:45:29 2024: reading header
Thu Jan  4 08:45:29 2024: finish room rigistered
Thu Jan  4 08:45:30 2024: updating room info
Thu Jan  4 08:45:30 2024: getting room info
Thu Jan  4 08:45:30 2024: sending data
Thu Jan  4 08:45:30 2024: reading header
Thu Jan  4 08:45:30 2024: successfully get room info
Thu Jan  4 08:45:30 2024: finish updating room info
Thu Jan  4 08:45:32 2024: updating room info
Thu Jan  4 08:45:32 2024: getting room info
Thu Jan  4 08:45:32 2024: sending data
Thu Jan  4 08:45:32 2024: reading header
Thu Jan  4 08:45:32 2024: successfully get room info
Thu Jan  4 08:45:32 2024: finish updating room info
Thu Jan  4 08:45:34 2024: updating room info
Thu Jan  4 08:45:34 2024: getting room info
Thu Jan  4 08:45:34 2024: sending data
Thu Jan  4 08:45:34 2024: reading header
Thu Jan  4 08:45:34 2024: successfully get room info
Thu Jan  4 08:45:34 2024: finish updating room info
Thu Jan  4 08:45:36 2024: updating room info
Thu Jan  4 08:45:36 2024: getting room info
Thu Jan  4 08:45:36 2024: sending data
Thu Jan  4 08:45:36 2024: reading header
Thu Jan  4 08:45:36 2024: successfully get room info
Thu Jan  4 08:45:36 2024: finish updating room info
Thu Jan  4 08:45:38 2024: updating room info
Thu Jan  4 08:45:38 2024: getting room info
Thu Jan  4 08:45:38 2024: sending data
Thu Jan  4 08:45:38 2024: reading header
Thu Jan  4 08:45:38 2024: successfully get room info
Thu Jan  4 08:45:38 2024: finish updating room info
Thu Jan  4 08:45:40 2024: updating room info
Thu Jan  4 08:45:40 2024: getting room info
Thu Jan  4 08:45:40 2024: sending data
Thu Jan  4 08:45:40 2024: reading header
Thu Jan  4 08:45:40 2024: successfully get room info
Thu Jan  4 08:45:40 2024: finish updating room info
Thu Jan  4 08:45:42 2024: updating room info
Thu Jan  4 08:45:42 2024: getting room info
Thu Jan  4 08:45:42 2024: sending data
Thu Jan  4 08:45:42 2024: reading header
Thu Jan  4 08:45:42 2024: successfully get room info
Thu Jan  4 08:45:42 2024: finish updating room info
Thu Jan  4 08:45:43 2024: joining the room
Thu Jan  4 08:45:43 2024: sending data
Thu Jan  4 08:45:43 2024: reading header
Thu Jan  4 08:45:43 2024: Finish room joined
Thu Jan  4 08:45:44 2024: updating room info
Thu Jan  4 08:45:44 2024: getting room info
Thu Jan  4 08:45:44 2024: sending data
Thu Jan  4 08:45:44 2024: reading header
Thu Jan  4 08:45:44 2024: successfully get room info
Thu Jan  4 08:45:44 2024: finish updating room info
Thu Jan  4 08:45:44 2024: updating room info
Thu Jan  4 08:45:44 2024: getting room info
Thu Jan  4 08:45:44 2024: sending data
Thu Jan  4 08:45:44 2024: reading header
Thu Jan  4 08:45:44 2024: successfully get room info
Thu Jan  4 08:45:44 2024: finish updating room info
Thu Jan  4 08:45:46 2024: updating room info
Thu Jan  4 08:45:46 2024: getting room info
Thu Jan  4 08:45:46 2024: sending data
Thu Jan  4 08:45:46 2024: reading header
Thu Jan  4 08:45:46 2024: successfully get room info
Thu Jan  4 08:45:46 2024: finish updating room info
Thu Jan  4 08:45:46 2024: updating room info
Thu Jan  4 08:45:46 2024: getting room info
Thu Jan  4 08:45:46 2024: sending data
Thu Jan  4 08:45:46 2024: reading header
Thu Jan  4 08:45:46 2024: successfully get room info
Thu Jan  4 08:45:46 2024: finish updating room info
Thu Jan  4 08:45:47 2024: request to start the game
Thu Jan  4 08:45:47 2024: sending data
Thu Jan  4 08:45:47 2024: successfully send the request
Thu Jan  4 08:45:47 2024: checking start_game request is received
Thu Jan  4 08:45:47 2024: reading header
Thu Jan  4 08:45:47 2024: can start the game now
Thu Jan  4 08:45:47 2024: updating map info
Thu Jan  4 08:45:47 2024: getting map info
Thu Jan  4 08:45:47 2024: sending data
Thu Jan  4 08:45:47 2024: reading header
Thu Jan  4 08:45:47 2024: reading extra data
Thu Jan  4 08:45:47 2024: successfully get map info
Thu Jan  4 08:45:47 2024: finish updating map info
Thu Jan  4 08:45:47 2024: updating player info
Thu Jan  4 08:45:47 2024: getting player info
Thu Jan  4 08:45:47 2024: sending data
Thu Jan  4 08:45:47 2024: reading header
Thu Jan  4 08:45:47 2024: [Error] Code Error
Thu Jan  4 08:45:48 2024: updating room info
Thu Jan  4 08:45:48 2024: getting room info
Thu Jan  4 08:45:48 2024: sending data
Thu Jan  4 08:45:48 2024: reading header
Thu Jan  4 08:45:48 2024: successfully get room info
Thu Jan  4 08:45:48 2024: finish updating room info
Thu Jan  4 08:45:50 2024: updating room info
Thu Jan  4 08:45:50 2024: getting room info
Thu Jan  4 08:45:50 2024: sending data
Thu Jan  4 08:45:50 2024: reading header
Thu Jan  4 08:45:50 2024: successfully get room info
Thu Jan  4 08:45:50 2024: finish updating room info
Thu Jan  4 08:45:52 2024: updating room info
Thu Jan  4 08:45:52 2024: getting room info
Thu Jan  4 08:45:52 2024: sending data
Thu Jan  4 08:45:52 2024: reading header
Thu Jan  4 08:45:52 2024: successfully get room info
Thu Jan  4 08:45:52 2024: finish updating room info
Thu Jan  4 08:45:54 2024: updating room info
Thu Jan  4 08:45:54 2024: getting room info
Thu Jan  4 08:45:54 2024: sending data
Thu Jan  4 08:45:54 2024: reading header
Thu Jan  4 08:45:54 2024: successfully get room info
Thu Jan  4 08:45:54 2024: finish updating room info
Thu Jan  4 08:45:56 2024: updating room info
Thu Jan  4 08:45:56 2024: getting room info
Thu Jan  4 08:45:56 2024: sending data
Thu Jan  4 08:45:56 2024: reading header
Thu Jan  4 08:45:56 2024: successfully get room info
Thu Jan  4 08:45:56 2024: finish updating room info
Thu Jan  4 08:45:58 2024: updating room info
Thu Jan  4 08:45:58 2024: getting room info
Thu Jan  4 08:45:58 2024: sending data
Thu Jan  4 08:45:58 2024: reading header
Thu Jan  4 08:45:58 2024: successfully get room info
Thu Jan  4 08:45:58 2024: finish updating room info
